<?xml version="1.0" encoding="UTF-8"?>
<!-- Generated by org.testng.reporters.JUnitReportReporter -->
<testsuite skipped="0" hostname="automation_02" name="Org.BBG.store.getNearByDeliveryStore" tests="1" failures="0" timestamp="14 May 2018 13:15:55 GMT" time="18.475" errors="0">
  <testcase name="GetNearByDelivryStore" time="18.475" classname="Org.BBG.store.getNearByDeliveryStore"/>
</testsuite> <!-- Org.BBG.store.getNearByDeliveryStore -->
