<?xml version="1.0" encoding="UTF-8"?>
<!-- Generated by org.testng.reporters.JUnitReportReporter -->
<testsuite skipped="0" hostname="automation_02" name="Org.BBG.Profile.getCustomerAddresses" tests="1" failures="0" timestamp="16 May 2018 12:05:57 GMT" time="11.926" errors="0">
  <testcase name="GetCustomerAddresses" time="11.926" classname="Org.BBG.Profile.getCustomerAddresses"/>
</testsuite> <!-- Org.BBG.Profile.getCustomerAddresses -->
