<?xml version="1.0" encoding="UTF-8"?>
<!-- Generated by org.testng.reporters.JUnitReportReporter -->
<testsuite skipped="0" hostname="automation_02" name="Org.BBG.store.getNearBypickupStore" tests="1" failures="0" timestamp="16 May 2018 10:00:12 GMT" time="65.700" errors="0">
  <testcase name="GetNearByPickupStore" time="65.700" classname="Org.BBG.store.getNearBypickupStore"/>
</testsuite> <!-- Org.BBG.store.getNearBypickupStore -->
