<?xml version="1.0" encoding="UTF-8"?>
<!-- Generated by org.testng.reporters.JUnitReportReporter -->
<testsuite skipped="0" hostname="automation_02" name="Org.BBG.Profile.getCustomerProfile" tests="1" failures="0" timestamp="16 May 2018 09:54:56 GMT" time="13.332" errors="0">
  <testcase name="GetCustomerProfile" time="13.332" classname="Org.BBG.Profile.getCustomerProfile"/>
</testsuite> <!-- Org.BBG.Profile.getCustomerProfile -->
