<?xml version="1.0" encoding="UTF-8"?>
<!-- Generated by org.testng.reporters.JUnitReportReporter -->
<testsuite skipped="0" hostname="automation_02" name="Org.BBG.Org.BBG.Api.AddCart" tests="1" failures="0" timestamp="11 May 2018 11:44:04 GMT" time="18.969" errors="0">
  <testcase name="postAddCart" time="18.969" classname="Org.BBG.Org.BBG.Api.AddCart"/>
</testsuite> <!-- Org.BBG.Org.BBG.Api.AddCart -->
