<?xml version="1.0" encoding="UTF-8"?>
<!-- Generated by org.testng.reporters.JUnitReportReporter -->
<testsuite skipped="0" hostname="automation_02" name="Org.BBG.Org.BBG.Api.App" tests="1" failures="0" timestamp="11 May 2018 09:56:45 GMT" time="2.737" errors="0">
  <testcase name="OpenBrowser" time="2.737" classname="Org.BBG.Org.BBG.Api.App"/>
</testsuite> <!-- Org.BBG.Org.BBG.Api.App -->
