<?xml version="1.0" encoding="UTF-8"?>
<!-- Generated by org.testng.reporters.JUnitReportReporter -->
<testsuite skipped="0" hostname="automation_02" name="Org.BBG.CheckOut.getDeliverySlots" tests="1" failures="0" timestamp="16 May 2018 13:18:00 GMT" time="85.937" errors="0">
  <testcase name="GetDeliverySlots" time="85.937" classname="Org.BBG.CheckOut.getDeliverySlots"/>
</testsuite> <!-- Org.BBG.CheckOut.getDeliverySlots -->
