<?xml version="1.0" encoding="UTF-8"?>
<!-- Generated by org.testng.reporters.JUnitReportReporter -->
<testsuite skipped="0" hostname="automation_02" name="Org.BBG.store.getNearByDeliveryStore" tests="1" failures="0" timestamp="14 May 2018 17:46:05 GMT" time="21.081" errors="0">
  <testcase name="GetNearByDelivryStore" time="21.081" classname="Org.BBG.store.getNearByDeliveryStore"/>
</testsuite> <!-- Org.BBG.store.getNearByDeliveryStore -->
