<?xml version="1.0" encoding="UTF-8"?>
<!-- Generated by org.testng.reporters.JUnitReportReporter -->
<testsuite skipped="0" hostname="automation_02" name="Org.BBG.store.getNearByDeliveryStore" tests="1" failures="0" timestamp="16 May 2018 09:55:58 GMT" time="42.088" errors="0">
  <testcase name="GetNearByPickupStore" time="42.088" classname="Org.BBG.store.getNearByDeliveryStore"/>
</testsuite> <!-- Org.BBG.store.getNearByDeliveryStore -->
