<?xml version="1.0" encoding="UTF-8"?>
<!-- Generated by org.testng.reporters.JUnitReportReporter -->
<testsuite skipped="0" hostname="automation_02" name="Org.BBG.CheckOut.getDeliverySlots" tests="1" failures="0" timestamp="16 May 2018 12:55:10 GMT" time="70.410" errors="0">
  <testcase name="GetDeliverySlots" time="70.410" classname="Org.BBG.CheckOut.getDeliverySlots"/>
</testsuite> <!-- Org.BBG.CheckOut.getDeliverySlots -->
